<?xml version="1.0" encoding="UTF-8"?>
<!-- Generated by org.testng.reporters.JUnitReportReporter -->
<testsuite hostname="LAPTOP-KAR4A207" failures="0" tests="5" name="com.spotify.OAuth2.test.PlaylistTestsReuasableMethodUpdatedLombok" time="5.622" errors="0" timestamp="2025-03-30T14:22:26 IST" skipped="0">
  <testcase classname="com.spotify.OAuth2.test.PlaylistTestsReuasableMethodUpdatedLombok" name="shouldbeAbleTocreatePlaylist" time="0.550"/>
  <testcase classname="com.spotify.OAuth2.test.PlaylistTestsReuasableMethodUpdatedLombok" name="shouldBeAbletoupdatethePlaylist" time="4.284"/>
  <testcase classname="com.spotify.OAuth2.test.PlaylistTestsReuasableMethodUpdatedLombok" name="shouldbeabletoGetAPlaylist" time="0.280"/>
  <testcase classname="com.spotify.OAuth2.test.PlaylistTestsReuasableMethodUpdatedLombok" name="shouldnotbeAbleTocreatePlaylistwithexpiredtoken" time="0.249"/>
  <testcase classname="com.spotify.OAuth2.test.PlaylistTestsReuasableMethodUpdatedLombok" name="shouldnotbeAbleTocreatePlaylist" time="0.259"/>
</testsuite> <!-- com.spotify.OAuth2.test.PlaylistTestsReuasableMethodUpdatedLombok -->
