<?xml version="1.0" encoding="UTF-8"?>
<!-- Generated by org.testng.reporters.JUnitReportReporter -->
<testsuite hostname="LAPTOP-KAR4A207" failures="0" tests="5" name="com.spotify.OAuth2.test.PlaylistTestsReuasableMethodUpdatedLombok" time="13.477" errors="0" timestamp="2025-03-30T12:43:40 IST" skipped="0">
  <testcase classname="com.spotify.OAuth2.test.PlaylistTestsReuasableMethodUpdatedLombok" name="shouldbeAbleTocreatePlaylist" time="0.781"/>
  <testcase classname="com.spotify.OAuth2.test.PlaylistTestsReuasableMethodUpdatedLombok" name="shouldBeAbletoupdatethePlaylist" time="11.157"/>
  <testcase classname="com.spotify.OAuth2.test.PlaylistTestsReuasableMethodUpdatedLombok" name="shouldbeabletoGetAPlaylist" time="0.689"/>
  <testcase classname="com.spotify.OAuth2.test.PlaylistTestsReuasableMethodUpdatedLombok" name="shouldnotbeAbleTocreatePlaylistwithexpiredtoken" time="0.444"/>
  <testcase classname="com.spotify.OAuth2.test.PlaylistTestsReuasableMethodUpdatedLombok" name="shouldnotbeAbleTocreatePlaylist" time="0.406"/>
</testsuite> <!-- com.spotify.OAuth2.test.PlaylistTestsReuasableMethodUpdatedLombok -->
