<?xml version="1.0" encoding="UTF-8"?>
<!-- Generated by org.testng.reporters.JUnitReportReporter -->
<testsuite hostname="LAPTOP-KAR4A207" failures="0" tests="4" name="spotify.OAuth2.test.PlaylistTests" time="5.616" errors="0" timestamp="2025-03-28T23:18:51 IST" skipped="0">
  <testcase classname="spotify.OAuth2.test.PlaylistTests" name="shouldnotbeAbleTocreatePlaylist" time="1.695"/>
  <testcase classname="spotify.OAuth2.test.PlaylistTests" name="shouldbeabletoGetAPlaylist" time="0.388"/>
  <testcase classname="spotify.OAuth2.test.PlaylistTests" name="shouldnotbeAbleTocreatePlaylistwithexpiredtoken" time="0.307"/>
  <testcase classname="spotify.OAuth2.test.PlaylistTests" name="shouldBeAbletoupdatethePlaylist" time="3.226"/>
</testsuite> <!-- spotify.OAuth2.test.PlaylistTests -->
