<?xml version="1.0" encoding="UTF-8"?>
<!-- Generated by org.testng.reporters.JUnitReportReporter -->
<testsuite hostname="LAPTOP-KAR4A207" failures="0" tests="5" name="com.spotify.OAuth2.test.PlaylistTestsPojo" time="4.899" errors="0" timestamp="2025-03-29T00:40:50 IST" skipped="0">
  <testcase classname="com.spotify.OAuth2.test.PlaylistTestsPojo" name="shouldbeAbleTocreatePlaylist" time="0.645"/>
  <testcase classname="com.spotify.OAuth2.test.PlaylistTestsPojo" name="shouldnotbeAbleTocreatePlaylist" time="0.432"/>
  <testcase classname="com.spotify.OAuth2.test.PlaylistTestsPojo" name="shouldBeAbletoupdatethePlaylist" time="2.394"/>
  <testcase classname="com.spotify.OAuth2.test.PlaylistTestsPojo" name="shouldbeabletoGetAPlaylist" time="0.563"/>
  <testcase classname="com.spotify.OAuth2.test.PlaylistTestsPojo" name="shouldnotbeAbleTocreatePlaylistwithexpiredtoken" time="0.865"/>
</testsuite> <!-- com.spotify.OAuth2.test.PlaylistTestsPojo -->
