<?xml version="1.0" encoding="UTF-8"?>
<!-- Generated by org.testng.reporters.JUnitReportReporter -->
<testsuite hostname="LAPTOP-KAR4A207" failures="0" tests="5" name="com.spotify.OAuth2.test.PlaylistTestsPojoSpecBuilder" time="3.498" errors="0" timestamp="2025-03-29T11:41:52 IST" skipped="0">
  <testcase classname="com.spotify.OAuth2.test.PlaylistTestsPojoSpecBuilder" name="shouldBeAbletoupdatethePlaylist" time="2.465"/>
  <testcase classname="com.spotify.OAuth2.test.PlaylistTestsPojoSpecBuilder" name="shouldnotbeAbleTocreatePlaylist" time="0.194"/>
  <testcase classname="com.spotify.OAuth2.test.PlaylistTestsPojoSpecBuilder" name="shouldbeAbleTocreatePlaylist" time="0.419"/>
  <testcase classname="com.spotify.OAuth2.test.PlaylistTestsPojoSpecBuilder" name="shouldbeabletoGetAPlaylist" time="0.239"/>
  <testcase classname="com.spotify.OAuth2.test.PlaylistTestsPojoSpecBuilder" name="shouldnotbeAbleTocreatePlaylistwithexpiredtoken" time="0.181"/>
</testsuite> <!-- com.spotify.OAuth2.test.PlaylistTestsPojoSpecBuilder -->
