<?xml version="1.0" encoding="UTF-8"?>
<!-- Generated by org.testng.reporters.JUnitReportReporter -->
<testsuite hostname="LAPTOP-KAR4A207" failures="0" tests="5" name="com.spotify.OAuth2.test.PlaylistTestsReuasableMethod" time="3.010" errors="0" timestamp="2025-03-29T12:59:14 IST" skipped="0">
  <testcase classname="com.spotify.OAuth2.test.PlaylistTestsReuasableMethod" name="shouldBeAbletoupdatethePlaylist" time="1.959"/>
  <testcase classname="com.spotify.OAuth2.test.PlaylistTestsReuasableMethod" name="shouldnotbeAbleTocreatePlaylistwithexpiredtoken" time="0.169"/>
  <testcase classname="com.spotify.OAuth2.test.PlaylistTestsReuasableMethod" name="shouldnotbeAbleTocreatePlaylist" time="0.189"/>
  <testcase classname="com.spotify.OAuth2.test.PlaylistTestsReuasableMethod" name="shouldbeabletoGetAPlaylist" time="0.236"/>
  <testcase classname="com.spotify.OAuth2.test.PlaylistTestsReuasableMethod" name="shouldbeAbleTocreatePlaylist" time="0.457"/>
</testsuite> <!-- com.spotify.OAuth2.test.PlaylistTestsReuasableMethod -->
