<?xml version="1.0" encoding="UTF-8"?>
<!-- Generated by org.testng.reporters.JUnitReportReporter -->
<testsuite hostname="LAPTOP-KAR4A207" failures="0" tests="5" name="com.spotify.OAuth2.test.PlaylistTestsReuasableMethodUpdated" time="6.262" errors="0" timestamp="2025-03-29T15:29:03 IST" skipped="0">
  <testcase classname="com.spotify.OAuth2.test.PlaylistTestsReuasableMethodUpdated" name="shouldBeAbletoupdatethePlaylist" time="5.143"/>
  <testcase classname="com.spotify.OAuth2.test.PlaylistTestsReuasableMethodUpdated" name="shouldnotbeAbleTocreatePlaylist" time="0.189"/>
  <testcase classname="com.spotify.OAuth2.test.PlaylistTestsReuasableMethodUpdated" name="shouldbeAbleTocreatePlaylist" time="0.522"/>
  <testcase classname="com.spotify.OAuth2.test.PlaylistTestsReuasableMethodUpdated" name="shouldnotbeAbleTocreatePlaylistwithexpiredtoken" time="0.165"/>
  <testcase classname="com.spotify.OAuth2.test.PlaylistTestsReuasableMethodUpdated" name="shouldbeabletoGetAPlaylist" time="0.243"/>
</testsuite> <!-- com.spotify.OAuth2.test.PlaylistTestsReuasableMethodUpdated -->
